<?xml version="1.0" encoding="UTF-8"?>
<!-- Generated by org.testng.reporters.JUnitReportReporter -->
<testsuite skipped="0" hostname="Ty-Deepak-Tr" name="crmtest.ContactTest" tests="3" failures="0" timestamp="2021-01-18T12:56:05 IST" time="0.007" errors="0">
  <testcase name="createContactTest" time="0.006" classname="crmtest.ContactTest"/>
  <system-out/>
  <testcase name="searchContactTest" time="0.001" classname="crmtest.ContactTest"/>
  <system-out/>
  <testcase name="deleteContactTest" time="0.000" classname="crmtest.ContactTest"/>
  <system-out/>
</testsuite> <!-- crmtest.ContactTest -->
